This is pdfTeX, Version 3.1415926-2.3-1.40.12 (MiKTeX 2.9) (preloaded format=pdflatex 2012.5.7)  9 OCT 2012 14:30
entering extended mode
**calendarDoc.tex
(C:\Users\Mark\Documents\GitHub\CalendarSystem\docs\calendarDoc.tex
LaTeX2e <2009/09/24>
Babel <v3.8l> and hyphenation patterns for english, afrikaans, ancientgreek, ar
abic, armenian, assamese, basque, bengali, bokmal, bulgarian, catalan, coptic, 
croatian, czech, danish, dutch, esperanto, estonian, farsi, finnish, french, ga
lician, german, german-x-2009-06-19, greek, gujarati, hindi, hungarian, iceland
ic, indonesian, interlingua, irish, italian, kannada, kurmanji, lao, latin, lat
vian, lithuanian, malayalam, marathi, mongolian, mongolianlmc, monogreek, ngerm
an, ngerman-x-2009-06-19, nynorsk, oriya, panjabi, pinyin, polish, portuguese, 
romanian, russian, sanskrit, serbian, slovak, slovenian, spanish, swedish, swis
sgerman, tamil, telugu, turkish, turkmen, ukenglish, ukrainian, uppersorbian, u
senglishmax, welsh, loaded.
("C:\Program Files (x86)\MiKTeX 2.9\tex\latex\base\article.cls"
Document Class: article 2007/10/19 v1.4h Standard LaTeX document class
("C:\Program Files (x86)\MiKTeX 2.9\tex\latex\base\size10.clo"
File: size10.clo 2007/10/19 v1.4h Standard LaTeX file (size option)
)
\c@part=\count79
\c@section=\count80
\c@subsection=\count81
\c@subsubsection=\count82
\c@paragraph=\count83
\c@subparagraph=\count84
\c@figure=\count85
\c@table=\count86
\abovecaptionskip=\skip41
\belowcaptionskip=\skip42
\bibindent=\dimen102
)
("C:\Program Files (x86)\MiKTeX 2.9\tex\latex\graphics\graphicx.sty"
Package: graphicx 1999/02/16 v1.0f Enhanced LaTeX Graphics (DPC,SPQR)

("C:\Program Files (x86)\MiKTeX 2.9\tex\latex\graphics\keyval.sty"
Package: keyval 1999/03/16 v1.13 key=value parser (DPC)
\KV@toks@=\toks14
)
("C:\Program Files (x86)\MiKTeX 2.9\tex\latex\graphics\graphics.sty"
Package: graphics 2009/02/05 v1.0o Standard LaTeX Graphics (DPC,SPQR)

("C:\Program Files (x86)\MiKTeX 2.9\tex\latex\graphics\trig.sty"
Package: trig 1999/03/16 v1.09 sin cos tan (DPC)
)
("C:\Program Files (x86)\MiKTeX 2.9\tex\latex\00miktex\graphics.cfg"
File: graphics.cfg 2007/01/18 v1.5 graphics configuration of teTeX/TeXLive
)
Package graphics Info: Driver file: pdftex.def on input line 91.

("C:\Program Files (x86)\MiKTeX 2.9\tex\latex\pdftex-def\pdftex.def"
File: pdftex.def 2011/05/27 v0.06d Graphics/color for pdfTeX

("C:\Program Files (x86)\MiKTeX 2.9\tex\generic\oberdiek\infwarerr.sty"
Package: infwarerr 2010/04/08 v1.3 Providing info/warning/message (HO)
)
("C:\Program Files (x86)\MiKTeX 2.9\tex\generic\oberdiek\ltxcmds.sty"
Package: ltxcmds 2011/04/18 v1.20 LaTeX kernel commands for general use (HO)
)
\Gread@gobject=\count87
))
\Gin@req@height=\dimen103
\Gin@req@width=\dimen104
)
(C:\Users\Mark\Documents\GitHub\CalendarSystem\docs\calendarDoc.aux)
LaTeX Font Info:    Checking defaults for OML/cmm/m/it on input line 4.
LaTeX Font Info:    ... okay on input line 4.
LaTeX Font Info:    Checking defaults for T1/cmr/m/n on input line 4.
LaTeX Font Info:    ... okay on input line 4.
LaTeX Font Info:    Checking defaults for OT1/cmr/m/n on input line 4.
LaTeX Font Info:    ... okay on input line 4.
LaTeX Font Info:    Checking defaults for OMS/cmsy/m/n on input line 4.
LaTeX Font Info:    ... okay on input line 4.
LaTeX Font Info:    Checking defaults for OMX/cmex/m/n on input line 4.
LaTeX Font Info:    ... okay on input line 4.
LaTeX Font Info:    Checking defaults for U/cmr/m/n on input line 4.
LaTeX Font Info:    ... okay on input line 4.

("C:\Program Files (x86)\MiKTeX 2.9\tex\context\base\supp-pdf.mkii"
[Loading MPS to PDF converter (version 2006.09.02).]
\scratchcounter=\count88
\scratchdimen=\dimen105
\scratchbox=\box26
\nofMPsegments=\count89
\nofMParguments=\count90
\everyMPshowfont=\toks15
\MPscratchCnt=\count91
\MPscratchDim=\dimen106
\MPnumerator=\count92
\everyMPtoPDFconversion=\toks16
)
LaTeX Font Info:    External font `cmex10' loaded for size
(Font)              <7> on input line 8.
LaTeX Font Info:    External font `cmex10' loaded for size
(Font)              <5> on input line 8.

Overfull \hbox (25.66966pt too wide) in paragraph at lines 8--16
 [] 
 []

<./useCases.jpg, id=1, 2601.72pt x 1943.26pt>
File: ./useCases.jpg Graphic file (type jpg)
 <use ./useCases.jpg>
Package pdftex.def Info: ./useCases.jpg used on input line 27.
(pdftex.def)             Requested size: 241.49895pt x 180.37141pt.

Underfull \hbox (badness 10000) in paragraph at lines 27--28

 []

[1

{C:/ProgramData/MiKTeX/2.9/pdftex/config/pdftex.map} <C:/Users/Mark/Documents/G
itHub/CalendarSystem/docs/useCases.jpg>]
LaTeX Font Info:    Try loading font information for OMS+cmr on input line 46.

("C:\Program Files (x86)\MiKTeX 2.9\tex\latex\base\omscmr.fd"
File: omscmr.fd 1999/05/25 v2.5h Standard LaTeX font definitions
)
LaTeX Font Info:    Font shape `OMS/cmr/m/n' in size <10> not available
(Font)              Font shape `OMS/cmsy/m/n' tried instead on input line 46.

Underfull \hbox (badness 10000) in paragraph at lines 49--55

 []


Underfull \hbox (badness 10000) in paragraph at lines 81--87

 []


Underfull \hbox (badness 10000) in paragraph at lines 114--120

 []

[2]
Underfull \hbox (badness 10000) in paragraph at lines 147--153

 []


Underfull \hbox (badness 10000) in paragraph at lines 173--185

 []


Underfull \hbox (badness 10000) in paragraph at lines 186--217

 []

[3]
Underfull \hbox (badness 10000) in paragraph at lines 251--255

 []


Underfull \hbox (badness 10000) in paragraph at lines 257--259

 []


Underfull \hbox (badness 10000) in paragraph at lines 264--266

 []


Underfull \hbox (badness 10000) in paragraph at lines 270--272

 []


Underfull \hbox (badness 10000) in paragraph at lines 273--279

 []


Underfull \hbox (badness 10000) in paragraph at lines 273--279

 []


Underfull \hbox (badness 10000) in paragraph at lines 273--279

 []

[4]
Underfull \hbox (badness 10000) in paragraph at lines 282--288

 []


Underfull \hbox (badness 10000) in paragraph at lines 282--288

 []


Underfull \hbox (badness 10000) in paragraph at lines 290--292

 []


Underfull \hbox (badness 10000) in paragraph at lines 290--292

 []


Underfull \hbox (badness 10000) in paragraph at lines 298--300

 []


Underfull \hbox (badness 10000) in paragraph at lines 298--300

 []


Underfull \hbox (badness 10000) in paragraph at lines 301--307

 []


Underfull \hbox (badness 10000) in paragraph at lines 301--307

 []

[5]
Underfull \hbox (badness 10000) in paragraph at lines 310--312

 []


Underfull \hbox (badness 10000) in paragraph at lines 310--312

 []


Underfull \hbox (badness 10000) in paragraph at lines 315--317

 []


Underfull \hbox (badness 10000) in paragraph at lines 315--317

 []

<./domainmodel.jpg, id=22, 3276.24pt x 2457.18pt>
File: ./domainmodel.jpg Graphic file (type jpg)
 <use ./domainmodel.jpg>
Package pdftex.def Info: ./domainmodel.jpg used on input line 323.
(pdftex.def)             Requested size: 241.49895pt x 181.0936pt.

<./DCD.jpg, id=23, 3276.24pt x 2457.18pt>
File: ./DCD.jpg Graphic file (type jpg)
 <use ./DCD.jpg>
Package pdftex.def Info: ./DCD.jpg used on input line 326.
(pdftex.def)             Requested size: 241.49895pt x 181.0936pt.

<./loginssd.png, id=24, 717.68124pt x 612.2875pt>
File: ./loginssd.png Graphic file (type png)
 <use ./loginssd.png>
Package pdftex.def Info: ./loginssd.png used on input line 329.
(pdftex.def)             Requested size: 241.49895pt x 206.0355pt.

<./CreateEventssd.png, id=25, 747.79375pt x 725.71124pt>
File: ./CreateEventssd.png Graphic file (type png)

<use ./CreateEventssd.png>
Package pdftex.def Info: ./CreateEventssd.png used on input line 330.
(pdftex.def)             Requested size: 241.49895pt x 234.3695pt.

<./EditEventssd.png, id=26, 728.7225pt x 725.71124pt>
File: ./EditEventssd.png Graphic file (type png)
 <use ./EditEventssd.png>
Package pdftex.def Info: ./EditEventssd.png used on input line 331.
(pdftex.def)             Requested size: 241.49895pt x 240.49313pt.

<./ssd2.jpg, id=27, 3276.24pt x 2457.18pt>
File: ./ssd2.jpg Graphic file (type jpg)
 <use ./ssd2.jpg>
Package pdftex.def Info: ./ssd2.jpg used on input line 334.
(pdftex.def)             Requested size: 241.49895pt x 181.0936pt.

<./umlpackagediagram.jpg, id=28, 3276.24pt x 2457.18pt>
File: ./umlpackagediagram.jpg Graphic file (type jpg)

<use ./umlpackagediagram.jpg>
Package pdftex.def Info: ./umlpackagediagram.jpg used on input line 337.
(pdftex.def)             Requested size: 241.49895pt x 181.0936pt.

Underfull \hbox (badness 10000) in paragraph at lines 321--338

 []


Underfull \hbox (badness 10000) in paragraph at lines 321--338

 []


Underfull \hbox (badness 10000) in paragraph at lines 321--338

 []


Underfull \hbox (badness 10000) in paragraph at lines 321--338

 []


Underfull \hbox (badness 10000) in paragraph at lines 321--338

 []


Underfull \hbox (badness 10000) in paragraph at lines 321--338

 []

[6 <C:/Users/Mark/Documents/GitHub/CalendarSystem/docs/domainmodel.jpg>]
[7 <C:/Users/Mark/Documents/GitHub/CalendarSystem/docs/DCD.jpg> <C:/Users/Mark/
Documents/GitHub/CalendarSystem/docs/loginssd.png>] [8 <C:/Users/Mark/Documents
/GitHub/CalendarSystem/docs/CreateEventssd.png> <C:/Users/Mark/Documents/GitHub
/CalendarSystem/docs/EditEventssd.png>] [9 <C:/Users/Mark/Documents/GitHub/Cale
ndarSystem/docs/ssd2.jpg> <C:/Users/Mark/Documents/GitHub/CalendarSystem/docs/u
mlpackagediagram.jpg>]
(C:\Users\Mark\Documents\GitHub\CalendarSystem\docs\calendarDoc.aux) ) 
Here is how much of TeX's memory you used:
 1158 strings out of 494049
 15789 string characters out of 3146069
 67658 words of memory out of 3000000
 4484 multiletter control sequences out of 15000+200000
 4553 words of font info for 17 fonts, out of 3000000 for 9000
 715 hyphenation exceptions out of 8191
 27i,8n,21p,751b,178s stack positions out of 5000i,500n,10000p,200000b,50000s
<C:/Progr
am Files (x86)/MiKTeX 2.9/fonts/type1/public/amsfonts/cm/cmbx10.pfb><C:/Program
 Files (x86)/MiKTeX 2.9/fonts/type1/public/amsfonts/cm/cmbx12.pfb><C:/Program F
iles (x86)/MiKTeX 2.9/fonts/type1/public/amsfonts/cm/cmr10.pfb><C:/Program File
s (x86)/MiKTeX 2.9/fonts/type1/public/amsfonts/cm/cmsy10.pfb>
Output written on calendarDoc.pdf (9 pages, 7432525 bytes).
PDF statistics:
 56 PDF objects out of 1000 (max. 8388607)
 0 named destinations out of 1000 (max. 500000)
 41 words of extra memory for PDF output out of 10000 (max. 10000000)

